<?xml version="1.0" encoding="UTF-8"?>
<testsuite name="com.openmarket.service.MemberServiceTest" tests="2" skipped="0" failures="0" errors="0" timestamp="2024-01-09T09:19:19" hostname="JCui-Macmini.local" time="0.243">
  <properties/>
  <testcase name="saveMemberTest()" classname="com.openmarket.service.MemberServiceTest" time="0.086"/>
  <testcase name="saveDuplicateMemberTest()" classname="com.openmarket.service.MemberServiceTest" time="0.156"/>
  <system-out><![CDATA[2024-01-09 18:19:19.665  INFO 10518 --- [    Test worker] .b.t.c.SpringBootTestContextBootstrapper : Neither @ContextConfiguration nor @ContextHierarchy found for test class [com.openmarket.service.MemberServiceTest], using SpringBootContextLoader
2024-01-09 18:19:19.665  INFO 10518 --- [    Test worker] o.s.t.c.support.AbstractContextLoader    : Could not detect default resource locations for test class [com.openmarket.service.MemberServiceTest]: no resource found for suffixes {-context.xml, Context.groovy}.
2024-01-09 18:19:19.665  INFO 10518 --- [    Test worker] t.c.s.AnnotationConfigContextLoaderUtils : Could not detect default configuration classes for test class [com.openmarket.service.MemberServiceTest]: MemberServiceTest does not declare any static, non-private, non-final, nested classes annotated with @Configuration.
2024-01-09 18:19:19.666  INFO 10518 --- [    Test worker] .b.t.c.SpringBootTestContextBootstrapper : Found @SpringBootConfiguration com.openmarket.OpenMarketApplication for test class com.openmarket.service.MemberServiceTest
2024-01-09 18:19:19.667  INFO 10518 --- [    Test worker] .b.t.c.SpringBootTestContextBootstrapper : Loaded default TestExecutionListener class names from location [META-INF/spring.factories]: [org.springframework.security.test.context.support.WithSecurityContextTestExecutionListener, org.springframework.security.test.context.support.ReactorContextTestExecutionListener, org.springframework.boot.test.autoconfigure.restdocs.RestDocsTestExecutionListener, org.springframework.boot.test.autoconfigure.web.client.MockRestServiceServerResetTestExecutionListener, org.springframework.boot.test.autoconfigure.web.servlet.MockMvcPrintOnlyOnFailureTestExecutionListener, org.springframework.boot.test.autoconfigure.web.servlet.WebDriverTestExecutionListener, org.springframework.boot.test.autoconfigure.webservices.client.MockWebServiceServerTestExecutionListener, org.springframework.boot.test.mock.mockito.MockitoTestExecutionListener, org.springframework.boot.test.mock.mockito.ResetMocksTestExecutionListener, org.springframework.test.context.web.ServletTestExecutionListener, org.springframework.test.context.support.DirtiesContextBeforeModesTestExecutionListener, org.springframework.test.context.event.ApplicationEventsTestExecutionListener, org.springframework.test.context.support.DependencyInjectionTestExecutionListener, org.springframework.test.context.support.DirtiesContextTestExecutionListener, org.springframework.test.context.transaction.TransactionalTestExecutionListener, org.springframework.test.context.jdbc.SqlScriptsTestExecutionListener, org.springframework.test.context.event.EventPublishingTestExecutionListener]
2024-01-09 18:19:19.667  INFO 10518 --- [    Test worker] .b.t.c.SpringBootTestContextBootstrapper : Using TestExecutionListeners: [org.springframework.test.context.web.ServletTestExecutionListener@42fa1554, org.springframework.test.context.support.DirtiesContextBeforeModesTestExecutionListener@544502d6, org.springframework.test.context.event.ApplicationEventsTestExecutionListener@382e7f70, org.springframework.boot.test.mock.mockito.MockitoTestExecutionListener@3d1319b, org.springframework.boot.test.autoconfigure.SpringBootDependencyInjectionTestExecutionListener@1193d400, org.springframework.test.context.support.DirtiesContextTestExecutionListener@6dbc3756, org.springframework.test.context.transaction.TransactionalTestExecutionListener@26a2106e, org.springframework.test.context.jdbc.SqlScriptsTestExecutionListener@2c75b0c8, org.springframework.security.test.context.support.WithSecurityContextTestExecutionListener@23c95292, org.springframework.test.context.event.EventPublishingTestExecutionListener@2f43c73a, org.springframework.security.test.context.support.ReactorContextTestExecutionListener@19d483dc, org.springframework.boot.test.autoconfigure.restdocs.RestDocsTestExecutionListener@18a693de, org.springframework.boot.test.autoconfigure.web.client.MockRestServiceServerResetTestExecutionListener@71120f9a, org.springframework.boot.test.autoconfigure.web.servlet.MockMvcPrintOnlyOnFailureTestExecutionListener@40597c95, org.springframework.boot.test.autoconfigure.web.servlet.WebDriverTestExecutionListener@7daecd21, org.springframework.boot.test.autoconfigure.webservices.client.MockWebServiceServerTestExecutionListener@51ba8929, org.springframework.boot.test.mock.mockito.ResetMocksTestExecutionListener@30b5225b]
2024-01-09 18:19:19.669  INFO 10518 --- [    Test worker] o.s.t.c.transaction.TransactionContext   : Began transaction (1) for test context [DefaultTestContext@35b97c69 testClass = MemberServiceTest, testInstance = com.openmarket.service.MemberServiceTest@2c07277f, testMethod = saveMemberTest@MemberServiceTest, testException = [null], mergedContextConfiguration = [WebMergedContextConfiguration@d4df4ce testClass = MemberServiceTest, locations = '{}', classes = '{class com.openmarket.OpenMarketApplication}', contextInitializerClasses = '[]', activeProfiles = '{}', propertySourceLocations = '{classpath:application-test.properties}', propertySourceProperties = '{org.springframework.boot.test.context.SpringBootTestContextBootstrapper=true}', contextCustomizers = set[org.springframework.boot.test.autoconfigure.actuate.metrics.MetricsExportContextCustomizerFactory$DisableMetricExportContextCustomizer@2262b621, org.springframework.boot.test.autoconfigure.properties.PropertyMappingContextCustomizer@0, org.springframework.boot.test.autoconfigure.web.servlet.WebDriverContextCustomizerFactory$Customizer@505a9d7c, org.springframework.boot.test.context.filter.ExcludeFilterContextCustomizer@5af3a0f, org.springframework.boot.test.json.DuplicateJsonObjectContextCustomizerFactory$DuplicateJsonObjectContextCustomizer@72cf2de5, org.springframework.boot.test.mock.mockito.MockitoContextCustomizer@0, org.springframework.boot.test.web.client.TestRestTemplateContextCustomizer@7b324585, org.springframework.boot.test.context.SpringBootTestArgs@1, org.springframework.boot.test.context.SpringBootTestWebEnvironment@2eea88a1], resourceBasePath = 'src/main/webapp', contextLoader = 'org.springframework.boot.test.context.SpringBootContextLoader', parent = [null]], attributes = map['org.springframework.test.context.web.ServletTestExecutionListener.activateListener' -> true, 'org.springframework.test.context.web.ServletTestExecutionListener.populatedRequestContextHolder' -> true, 'org.springframework.test.context.web.ServletTestExecutionListener.resetRequestContextHolder' -> true, 'org.springframework.test.context.event.ApplicationEventsTestExecutionListener.recordApplicationEvents' -> false]]; transaction manager [org.springframework.orm.jpa.JpaTransactionManager@6ab123d0]; rollback [true]
Hibernate: 
    select
        member0_.member_id as member_i1_1_,
        member0_.address as address2_1_,
        member0_.email as email3_1_,
        member0_.name as name4_1_,
        member0_.password as password5_1_,
        member0_.role as role6_1_ 
    from
        member member0_ 
    where
        member0_.email=?
2024-01-09 18:19:19.749 TRACE 10518 --- [    Test worker] o.h.type.descriptor.sql.BasicBinder      : binding parameter [1] as [VARCHAR] - [test@gmail.com]
Hibernate: 
    call next value for hibernate_sequence
2024-01-09 18:19:19.754  INFO 10518 --- [    Test worker] o.s.t.c.transaction.TransactionContext   : Rolled back transaction for test: [DefaultTestContext@35b97c69 testClass = MemberServiceTest, testInstance = com.openmarket.service.MemberServiceTest@2c07277f, testMethod = saveMemberTest@MemberServiceTest, testException = [null], mergedContextConfiguration = [WebMergedContextConfiguration@d4df4ce testClass = MemberServiceTest, locations = '{}', classes = '{class com.openmarket.OpenMarketApplication}', contextInitializerClasses = '[]', activeProfiles = '{}', propertySourceLocations = '{classpath:application-test.properties}', propertySourceProperties = '{org.springframework.boot.test.context.SpringBootTestContextBootstrapper=true}', contextCustomizers = set[org.springframework.boot.test.autoconfigure.actuate.metrics.MetricsExportContextCustomizerFactory$DisableMetricExportContextCustomizer@2262b621, org.springframework.boot.test.autoconfigure.properties.PropertyMappingContextCustomizer@0, org.springframework.boot.test.autoconfigure.web.servlet.WebDriverContextCustomizerFactory$Customizer@505a9d7c, org.springframework.boot.test.context.filter.ExcludeFilterContextCustomizer@5af3a0f, org.springframework.boot.test.json.DuplicateJsonObjectContextCustomizerFactory$DuplicateJsonObjectContextCustomizer@72cf2de5, org.springframework.boot.test.mock.mockito.MockitoContextCustomizer@0, org.springframework.boot.test.web.client.TestRestTemplateContextCustomizer@7b324585, org.springframework.boot.test.context.SpringBootTestArgs@1, org.springframework.boot.test.context.SpringBootTestWebEnvironment@2eea88a1], resourceBasePath = 'src/main/webapp', contextLoader = 'org.springframework.boot.test.context.SpringBootContextLoader', parent = [null]], attributes = map['org.springframework.test.context.web.ServletTestExecutionListener.activateListener' -> true, 'org.springframework.test.context.web.ServletTestExecutionListener.populatedRequestContextHolder' -> true, 'org.springframework.test.context.web.ServletTestExecutionListener.resetRequestContextHolder' -> true, 'org.springframework.test.context.event.ApplicationEventsTestExecutionListener.recordApplicationEvents' -> false]]
2024-01-09 18:19:19.755  INFO 10518 --- [    Test worker] o.s.t.c.transaction.TransactionContext   : Began transaction (1) for test context [DefaultTestContext@35b97c69 testClass = MemberServiceTest, testInstance = com.openmarket.service.MemberServiceTest@60232aad, testMethod = saveDuplicateMemberTest@MemberServiceTest, testException = [null], mergedContextConfiguration = [WebMergedContextConfiguration@d4df4ce testClass = MemberServiceTest, locations = '{}', classes = '{class com.openmarket.OpenMarketApplication}', contextInitializerClasses = '[]', activeProfiles = '{}', propertySourceLocations = '{classpath:application-test.properties}', propertySourceProperties = '{org.springframework.boot.test.context.SpringBootTestContextBootstrapper=true}', contextCustomizers = set[org.springframework.boot.test.autoconfigure.actuate.metrics.MetricsExportContextCustomizerFactory$DisableMetricExportContextCustomizer@2262b621, org.springframework.boot.test.autoconfigure.properties.PropertyMappingContextCustomizer@0, org.springframework.boot.test.autoconfigure.web.servlet.WebDriverContextCustomizerFactory$Customizer@505a9d7c, org.springframework.boot.test.context.filter.ExcludeFilterContextCustomizer@5af3a0f, org.springframework.boot.test.json.DuplicateJsonObjectContextCustomizerFactory$DuplicateJsonObjectContextCustomizer@72cf2de5, org.springframework.boot.test.mock.mockito.MockitoContextCustomizer@0, org.springframework.boot.test.web.client.TestRestTemplateContextCustomizer@7b324585, org.springframework.boot.test.context.SpringBootTestArgs@1, org.springframework.boot.test.context.SpringBootTestWebEnvironment@2eea88a1], resourceBasePath = 'src/main/webapp', contextLoader = 'org.springframework.boot.test.context.SpringBootContextLoader', parent = [null]], attributes = map['org.springframework.test.context.web.ServletTestExecutionListener.activateListener' -> true, 'org.springframework.test.context.web.ServletTestExecutionListener.populatedRequestContextHolder' -> true, 'org.springframework.test.context.web.ServletTestExecutionListener.resetRequestContextHolder' -> true, 'org.springframework.test.context.event.ApplicationEventsTestExecutionListener.recordApplicationEvents' -> false]]; transaction manager [org.springframework.orm.jpa.JpaTransactionManager@6ab123d0]; rollback [true]
Hibernate: 
    select
        member0_.member_id as member_i1_1_,
        member0_.address as address2_1_,
        member0_.email as email3_1_,
        member0_.name as name4_1_,
        member0_.password as password5_1_,
        member0_.role as role6_1_ 
    from
        member member0_ 
    where
        member0_.email=?
2024-01-09 18:19:19.907 TRACE 10518 --- [    Test worker] o.h.type.descriptor.sql.BasicBinder      : binding parameter [1] as [VARCHAR] - [test@gmail.com]
Hibernate: 
    call next value for hibernate_sequence
Hibernate: 
    insert 
    into
        member
        (address, email, name, password, role, member_id) 
    values
        (?, ?, ?, ?, ?, ?)
2024-01-09 18:19:19.908 TRACE 10518 --- [    Test worker] o.h.type.descriptor.sql.BasicBinder      : binding parameter [1] as [VARCHAR] - [경기도 양촌읍]
2024-01-09 18:19:19.908 TRACE 10518 --- [    Test worker] o.h.type.descriptor.sql.BasicBinder      : binding parameter [2] as [VARCHAR] - [test@gmail.com]
2024-01-09 18:19:19.908 TRACE 10518 --- [    Test worker] o.h.type.descriptor.sql.BasicBinder      : binding parameter [3] as [VARCHAR] - [test]
2024-01-09 18:19:19.908 TRACE 10518 --- [    Test worker] o.h.type.descriptor.sql.BasicBinder      : binding parameter [4] as [VARCHAR] - [$2a$10$HQVcTKW990qQ9eg6iG5oYuG3YIONQELrB9W16owwqM3AEv051ttm2]
2024-01-09 18:19:19.908 TRACE 10518 --- [    Test worker] o.h.type.descriptor.sql.BasicBinder      : binding parameter [5] as [VARCHAR] - [USER]
2024-01-09 18:19:19.908 TRACE 10518 --- [    Test worker] o.h.type.descriptor.sql.BasicBinder      : binding parameter [6] as [BIGINT] - [4]
Hibernate: 
    select
        member0_.member_id as member_i1_1_,
        member0_.address as address2_1_,
        member0_.email as email3_1_,
        member0_.name as name4_1_,
        member0_.password as password5_1_,
        member0_.role as role6_1_ 
    from
        member member0_ 
    where
        member0_.email=?
2024-01-09 18:19:19.909 TRACE 10518 --- [    Test worker] o.h.type.descriptor.sql.BasicBinder      : binding parameter [1] as [VARCHAR] - [test@gmail.com]
2024-01-09 18:19:19.909 TRACE 10518 --- [    Test worker] o.h.type.descriptor.sql.BasicExtractor   : extracted value ([member_i1_1_] : [BIGINT]) - [4]
2024-01-09 18:19:19.911  INFO 10518 --- [    Test worker] o.s.t.c.transaction.TransactionContext   : Rolled back transaction for test: [DefaultTestContext@35b97c69 testClass = MemberServiceTest, testInstance = com.openmarket.service.MemberServiceTest@60232aad, testMethod = saveDuplicateMemberTest@MemberServiceTest, testException = [null], mergedContextConfiguration = [WebMergedContextConfiguration@d4df4ce testClass = MemberServiceTest, locations = '{}', classes = '{class com.openmarket.OpenMarketApplication}', contextInitializerClasses = '[]', activeProfiles = '{}', propertySourceLocations = '{classpath:application-test.properties}', propertySourceProperties = '{org.springframework.boot.test.context.SpringBootTestContextBootstrapper=true}', contextCustomizers = set[org.springframework.boot.test.autoconfigure.actuate.metrics.MetricsExportContextCustomizerFactory$DisableMetricExportContextCustomizer@2262b621, org.springframework.boot.test.autoconfigure.properties.PropertyMappingContextCustomizer@0, org.springframework.boot.test.autoconfigure.web.servlet.WebDriverContextCustomizerFactory$Customizer@505a9d7c, org.springframework.boot.test.context.filter.ExcludeFilterContextCustomizer@5af3a0f, org.springframework.boot.test.json.DuplicateJsonObjectContextCustomizerFactory$DuplicateJsonObjectContextCustomizer@72cf2de5, org.springframework.boot.test.mock.mockito.MockitoContextCustomizer@0, org.springframework.boot.test.web.client.TestRestTemplateContextCustomizer@7b324585, org.springframework.boot.test.context.SpringBootTestArgs@1, org.springframework.boot.test.context.SpringBootTestWebEnvironment@2eea88a1], resourceBasePath = 'src/main/webapp', contextLoader = 'org.springframework.boot.test.context.SpringBootContextLoader', parent = [null]], attributes = map['org.springframework.test.context.web.ServletTestExecutionListener.activateListener' -> true, 'org.springframework.test.context.web.ServletTestExecutionListener.populatedRequestContextHolder' -> true, 'org.springframework.test.context.web.ServletTestExecutionListener.resetRequestContextHolder' -> true, 'org.springframework.test.context.event.ApplicationEventsTestExecutionListener.recordApplicationEvents' -> false]]
]]></system-out>
  <system-err><![CDATA[]]></system-err>
</testsuite>
