<?xml version="1.0" encoding="UTF-8"?>
<testsuite name="com.openmarket.service.MemberServiceTest" tests="1" skipped="0" failures="0" errors="0" timestamp="2024-01-04T10:11:20" hostname="JCui-Macmini.local" time="0.089">
  <properties/>
  <testcase name="saveMemberTest()" classname="com.openmarket.service.MemberServiceTest" time="0.089"/>
  <system-out><![CDATA[2024-01-04 19:11:20.671  INFO 13197 --- [    Test worker] .b.t.c.SpringBootTestContextBootstrapper : Neither @ContextConfiguration nor @ContextHierarchy found for test class [com.openmarket.service.MemberServiceTest], using SpringBootContextLoader
2024-01-04 19:11:20.671  INFO 13197 --- [    Test worker] o.s.t.c.support.AbstractContextLoader    : Could not detect default resource locations for test class [com.openmarket.service.MemberServiceTest]: no resource found for suffixes {-context.xml, Context.groovy}.
2024-01-04 19:11:20.671  INFO 13197 --- [    Test worker] t.c.s.AnnotationConfigContextLoaderUtils : Could not detect default configuration classes for test class [com.openmarket.service.MemberServiceTest]: MemberServiceTest does not declare any static, non-private, non-final, nested classes annotated with @Configuration.
2024-01-04 19:11:20.673  INFO 13197 --- [    Test worker] .b.t.c.SpringBootTestContextBootstrapper : Found @SpringBootConfiguration com.openmarket.OpenMarketApplication for test class com.openmarket.service.MemberServiceTest
2024-01-04 19:11:20.674  INFO 13197 --- [    Test worker] .b.t.c.SpringBootTestContextBootstrapper : Loaded default TestExecutionListener class names from location [META-INF/spring.factories]: [org.springframework.boot.test.autoconfigure.restdocs.RestDocsTestExecutionListener, org.springframework.boot.test.autoconfigure.web.client.MockRestServiceServerResetTestExecutionListener, org.springframework.boot.test.autoconfigure.web.servlet.MockMvcPrintOnlyOnFailureTestExecutionListener, org.springframework.boot.test.autoconfigure.web.servlet.WebDriverTestExecutionListener, org.springframework.boot.test.autoconfigure.webservices.client.MockWebServiceServerTestExecutionListener, org.springframework.boot.test.mock.mockito.MockitoTestExecutionListener, org.springframework.boot.test.mock.mockito.ResetMocksTestExecutionListener, org.springframework.test.context.web.ServletTestExecutionListener, org.springframework.test.context.support.DirtiesContextBeforeModesTestExecutionListener, org.springframework.test.context.event.ApplicationEventsTestExecutionListener, org.springframework.test.context.support.DependencyInjectionTestExecutionListener, org.springframework.test.context.support.DirtiesContextTestExecutionListener, org.springframework.test.context.transaction.TransactionalTestExecutionListener, org.springframework.test.context.jdbc.SqlScriptsTestExecutionListener, org.springframework.test.context.event.EventPublishingTestExecutionListener]
2024-01-04 19:11:20.674  INFO 13197 --- [    Test worker] .b.t.c.SpringBootTestContextBootstrapper : Using TestExecutionListeners: [org.springframework.test.context.web.ServletTestExecutionListener@7f994055, org.springframework.test.context.support.DirtiesContextBeforeModesTestExecutionListener@31a1b37b, org.springframework.test.context.event.ApplicationEventsTestExecutionListener@640c2749, org.springframework.boot.test.mock.mockito.MockitoTestExecutionListener@57ab7b32, org.springframework.boot.test.autoconfigure.SpringBootDependencyInjectionTestExecutionListener@6285027a, org.springframework.test.context.support.DirtiesContextTestExecutionListener@5e834f3a, org.springframework.test.context.transaction.TransactionalTestExecutionListener@5bb00dcc, org.springframework.test.context.jdbc.SqlScriptsTestExecutionListener@57ce8f63, org.springframework.test.context.event.EventPublishingTestExecutionListener@1d92d132, org.springframework.boot.test.autoconfigure.restdocs.RestDocsTestExecutionListener@59acb725, org.springframework.boot.test.autoconfigure.web.client.MockRestServiceServerResetTestExecutionListener@2291fb1, org.springframework.boot.test.autoconfigure.web.servlet.MockMvcPrintOnlyOnFailureTestExecutionListener@213f2d00, org.springframework.boot.test.autoconfigure.web.servlet.WebDriverTestExecutionListener@2aaf7354, org.springframework.boot.test.autoconfigure.webservices.client.MockWebServiceServerTestExecutionListener@1606ecbb, org.springframework.boot.test.mock.mockito.ResetMocksTestExecutionListener@5c18ad5d]
2024-01-04 19:11:20.678  INFO 13197 --- [    Test worker] o.s.t.c.transaction.TransactionContext   : Began transaction (1) for test context [DefaultTestContext@685a3c14 testClass = MemberServiceTest, testInstance = com.openmarket.service.MemberServiceTest@4c2ad035, testMethod = saveMemberTest@MemberServiceTest, testException = [null], mergedContextConfiguration = [WebMergedContextConfiguration@4b7ab262 testClass = MemberServiceTest, locations = '{}', classes = '{class com.openmarket.OpenMarketApplication}', contextInitializerClasses = '[]', activeProfiles = '{}', propertySourceLocations = '{classpath:application-test.properties}', propertySourceProperties = '{org.springframework.boot.test.context.SpringBootTestContextBootstrapper=true}', contextCustomizers = set[org.springframework.boot.test.autoconfigure.actuate.metrics.MetricsExportContextCustomizerFactory$DisableMetricExportContextCustomizer@5a7005d, org.springframework.boot.test.autoconfigure.properties.PropertyMappingContextCustomizer@0, org.springframework.boot.test.autoconfigure.web.servlet.WebDriverContextCustomizerFactory$Customizer@72758afa, org.springframework.boot.test.context.filter.ExcludeFilterContextCustomizer@607fbe09, org.springframework.boot.test.json.DuplicateJsonObjectContextCustomizerFactory$DuplicateJsonObjectContextCustomizer@5dd91bca, org.springframework.boot.test.mock.mockito.MockitoContextCustomizer@0, org.springframework.boot.test.web.client.TestRestTemplateContextCustomizer@207b8649, org.springframework.boot.test.context.SpringBootTestArgs@1, org.springframework.boot.test.context.SpringBootTestWebEnvironment@4a07d605], resourceBasePath = 'src/main/webapp', contextLoader = 'org.springframework.boot.test.context.SpringBootContextLoader', parent = [null]], attributes = map['org.springframework.test.context.web.ServletTestExecutionListener.activateListener' -> true, 'org.springframework.test.context.web.ServletTestExecutionListener.populatedRequestContextHolder' -> true, 'org.springframework.test.context.web.ServletTestExecutionListener.resetRequestContextHolder' -> true, 'org.springframework.test.context.event.ApplicationEventsTestExecutionListener.recordApplicationEvents' -> false]]; transaction manager [org.springframework.orm.jpa.JpaTransactionManager@78fcc4ef]; rollback [true]
Hibernate: 
    select
        member0_.member_id as member_i1_1_,
        member0_.address as address2_1_,
        member0_.email as email3_1_,
        member0_.name as name4_1_,
        member0_.password as password5_1_,
        member0_.role as role6_1_ 
    from
        member member0_ 
    where
        member0_.email=?
2024-01-04 19:11:20.758 TRACE 13197 --- [    Test worker] o.h.type.descriptor.sql.BasicBinder      : binding parameter [1] as [VARCHAR] - [test@gmail.com]
Hibernate: 
    call next value for hibernate_sequence
2024-01-04 19:11:20.766  INFO 13197 --- [    Test worker] o.s.t.c.transaction.TransactionContext   : Rolled back transaction for test: [DefaultTestContext@685a3c14 testClass = MemberServiceTest, testInstance = com.openmarket.service.MemberServiceTest@4c2ad035, testMethod = saveMemberTest@MemberServiceTest, testException = [null], mergedContextConfiguration = [WebMergedContextConfiguration@4b7ab262 testClass = MemberServiceTest, locations = '{}', classes = '{class com.openmarket.OpenMarketApplication}', contextInitializerClasses = '[]', activeProfiles = '{}', propertySourceLocations = '{classpath:application-test.properties}', propertySourceProperties = '{org.springframework.boot.test.context.SpringBootTestContextBootstrapper=true}', contextCustomizers = set[org.springframework.boot.test.autoconfigure.actuate.metrics.MetricsExportContextCustomizerFactory$DisableMetricExportContextCustomizer@5a7005d, org.springframework.boot.test.autoconfigure.properties.PropertyMappingContextCustomizer@0, org.springframework.boot.test.autoconfigure.web.servlet.WebDriverContextCustomizerFactory$Customizer@72758afa, org.springframework.boot.test.context.filter.ExcludeFilterContextCustomizer@607fbe09, org.springframework.boot.test.json.DuplicateJsonObjectContextCustomizerFactory$DuplicateJsonObjectContextCustomizer@5dd91bca, org.springframework.boot.test.mock.mockito.MockitoContextCustomizer@0, org.springframework.boot.test.web.client.TestRestTemplateContextCustomizer@207b8649, org.springframework.boot.test.context.SpringBootTestArgs@1, org.springframework.boot.test.context.SpringBootTestWebEnvironment@4a07d605], resourceBasePath = 'src/main/webapp', contextLoader = 'org.springframework.boot.test.context.SpringBootContextLoader', parent = [null]], attributes = map['org.springframework.test.context.web.ServletTestExecutionListener.activateListener' -> true, 'org.springframework.test.context.web.ServletTestExecutionListener.populatedRequestContextHolder' -> true, 'org.springframework.test.context.web.ServletTestExecutionListener.resetRequestContextHolder' -> true, 'org.springframework.test.context.event.ApplicationEventsTestExecutionListener.recordApplicationEvents' -> false]]
]]></system-out>
  <system-err><![CDATA[]]></system-err>
</testsuite>
