<?xml version="1.0" encoding="UTF-8"?>
<testsuite name="com.openmarket.OpenMarketApplicationTests" tests="1" skipped="0" failures="0" errors="0" timestamp="2024-01-04T10:11:19" hostname="JCui-Macmini.local" time="0.053">
  <properties/>
  <testcase name="contextLoads()" classname="com.openmarket.OpenMarketApplicationTests" time="0.053"/>
  <system-out><![CDATA[19:11:16.871 [Test worker] DEBUG org.springframework.test.context.BootstrapUtils - Instantiating CacheAwareContextLoaderDelegate from class [org.springframework.test.context.cache.DefaultCacheAwareContextLoaderDelegate]
19:11:16.875 [Test worker] DEBUG org.springframework.test.context.BootstrapUtils - Instantiating BootstrapContext using constructor [public org.springframework.test.context.support.DefaultBootstrapContext(java.lang.Class,org.springframework.test.context.CacheAwareContextLoaderDelegate)]
19:11:16.890 [Test worker] DEBUG org.springframework.test.context.BootstrapUtils - Instantiating TestContextBootstrapper for test class [com.openmarket.OpenMarketApplicationTests] from class [org.springframework.boot.test.context.SpringBootTestContextBootstrapper]
19:11:16.896 [Test worker] INFO org.springframework.boot.test.context.SpringBootTestContextBootstrapper - Neither @ContextConfiguration nor @ContextHierarchy found for test class [com.openmarket.OpenMarketApplicationTests], using SpringBootContextLoader
19:11:16.898 [Test worker] DEBUG org.springframework.test.context.support.AbstractContextLoader - Did not detect default resource location for test class [com.openmarket.OpenMarketApplicationTests]: class path resource [com/openmarket/OpenMarketApplicationTests-context.xml] does not exist
19:11:16.898 [Test worker] DEBUG org.springframework.test.context.support.AbstractContextLoader - Did not detect default resource location for test class [com.openmarket.OpenMarketApplicationTests]: class path resource [com/openmarket/OpenMarketApplicationTestsContext.groovy] does not exist
19:11:16.898 [Test worker] INFO org.springframework.test.context.support.AbstractContextLoader - Could not detect default resource locations for test class [com.openmarket.OpenMarketApplicationTests]: no resource found for suffixes {-context.xml, Context.groovy}.
19:11:16.899 [Test worker] INFO org.springframework.test.context.support.AnnotationConfigContextLoaderUtils - Could not detect default configuration classes for test class [com.openmarket.OpenMarketApplicationTests]: OpenMarketApplicationTests does not declare any static, non-private, non-final, nested classes annotated with @Configuration.
19:11:16.917 [Test worker] DEBUG org.springframework.test.context.support.ActiveProfilesUtils - Could not find an 'annotation declaring class' for annotation type [org.springframework.test.context.ActiveProfiles] and class [com.openmarket.OpenMarketApplicationTests]
19:11:16.940 [Test worker] DEBUG org.springframework.context.annotation.ClassPathScanningCandidateComponentProvider - Identified candidate component class: file [/Users/jc/Library/Mobile Documents/com~apple~CloudDocs/programing/open-market/build/classes/java/main/com/openmarket/OpenMarketApplication.class]
19:11:16.940 [Test worker] INFO org.springframework.boot.test.context.SpringBootTestContextBootstrapper - Found @SpringBootConfiguration com.openmarket.OpenMarketApplication for test class com.openmarket.OpenMarketApplicationTests
19:11:16.983 [Test worker] DEBUG org.springframework.boot.test.context.SpringBootTestContextBootstrapper - @TestExecutionListeners is not present for class [com.openmarket.OpenMarketApplicationTests]: using defaults.
19:11:16.983 [Test worker] INFO org.springframework.boot.test.context.SpringBootTestContextBootstrapper - Loaded default TestExecutionListener class names from location [META-INF/spring.factories]: [org.springframework.boot.test.autoconfigure.restdocs.RestDocsTestExecutionListener, org.springframework.boot.test.autoconfigure.web.client.MockRestServiceServerResetTestExecutionListener, org.springframework.boot.test.autoconfigure.web.servlet.MockMvcPrintOnlyOnFailureTestExecutionListener, org.springframework.boot.test.autoconfigure.web.servlet.WebDriverTestExecutionListener, org.springframework.boot.test.autoconfigure.webservices.client.MockWebServiceServerTestExecutionListener, org.springframework.boot.test.mock.mockito.MockitoTestExecutionListener, org.springframework.boot.test.mock.mockito.ResetMocksTestExecutionListener, org.springframework.test.context.web.ServletTestExecutionListener, org.springframework.test.context.support.DirtiesContextBeforeModesTestExecutionListener, org.springframework.test.context.event.ApplicationEventsTestExecutionListener, org.springframework.test.context.support.DependencyInjectionTestExecutionListener, org.springframework.test.context.support.DirtiesContextTestExecutionListener, org.springframework.test.context.transaction.TransactionalTestExecutionListener, org.springframework.test.context.jdbc.SqlScriptsTestExecutionListener, org.springframework.test.context.event.EventPublishingTestExecutionListener]
19:11:16.991 [Test worker] INFO org.springframework.boot.test.context.SpringBootTestContextBootstrapper - Using TestExecutionListeners: [org.springframework.test.context.web.ServletTestExecutionListener@5528a42c, org.springframework.test.context.support.DirtiesContextBeforeModesTestExecutionListener@2a551a63, org.springframework.test.context.event.ApplicationEventsTestExecutionListener@1a6f5124, org.springframework.boot.test.mock.mockito.MockitoTestExecutionListener@1edb61b1, org.springframework.boot.test.autoconfigure.SpringBootDependencyInjectionTestExecutionListener@ec2bf82, org.springframework.test.context.support.DirtiesContextTestExecutionListener@cc62a3b, org.springframework.test.context.transaction.TransactionalTestExecutionListener@6cc0bcf6, org.springframework.test.context.jdbc.SqlScriptsTestExecutionListener@29539e36, org.springframework.test.context.event.EventPublishingTestExecutionListener@32f61a31, org.springframework.boot.test.autoconfigure.restdocs.RestDocsTestExecutionListener@f5c79a6, org.springframework.boot.test.autoconfigure.web.client.MockRestServiceServerResetTestExecutionListener@669253b7, org.springframework.boot.test.autoconfigure.web.servlet.MockMvcPrintOnlyOnFailureTestExecutionListener@5305c37d, org.springframework.boot.test.autoconfigure.web.servlet.WebDriverTestExecutionListener@51a06cbe, org.springframework.boot.test.autoconfigure.webservices.client.MockWebServiceServerTestExecutionListener@3dddbe65, org.springframework.boot.test.mock.mockito.ResetMocksTestExecutionListener@49a64d82]
19:11:16.993 [Test worker] DEBUG org.springframework.test.context.support.AbstractDirtiesContextTestExecutionListener - Before test class: context [DefaultTestContext@37d3d232 testClass = OpenMarketApplicationTests, testInstance = [null], testMethod = [null], testException = [null], mergedContextConfiguration = [WebMergedContextConfiguration@30c0ccff testClass = OpenMarketApplicationTests, locations = '{}', classes = '{class com.openmarket.OpenMarketApplication}', contextInitializerClasses = '[]', activeProfiles = '{}', propertySourceLocations = '{}', propertySourceProperties = '{org.springframework.boot.test.context.SpringBootTestContextBootstrapper=true}', contextCustomizers = set[org.springframework.boot.test.autoconfigure.actuate.metrics.MetricsExportContextCustomizerFactory$DisableMetricExportContextCustomizer@5a7005d, org.springframework.boot.test.autoconfigure.properties.PropertyMappingContextCustomizer@0, org.springframework.boot.test.autoconfigure.web.servlet.WebDriverContextCustomizerFactory$Customizer@72758afa, org.springframework.boot.test.context.filter.ExcludeFilterContextCustomizer@607fbe09, org.springframework.boot.test.json.DuplicateJsonObjectContextCustomizerFactory$DuplicateJsonObjectContextCustomizer@5dd91bca, org.springframework.boot.test.mock.mockito.MockitoContextCustomizer@0, org.springframework.boot.test.web.client.TestRestTemplateContextCustomizer@207b8649, org.springframework.boot.test.context.SpringBootTestArgs@1, org.springframework.boot.test.context.SpringBootTestWebEnvironment@4a07d605], resourceBasePath = 'src/main/webapp', contextLoader = 'org.springframework.boot.test.context.SpringBootContextLoader', parent = [null]], attributes = map['org.springframework.test.context.web.ServletTestExecutionListener.activateListener' -> true]], class annotated with @DirtiesContext [false] with mode [null].

  .   ____          _            __ _ _
 /\\ / ___'_ __ _ _(_)_ __  __ _ \ \ \ \
( ( )\___ | '_ | '_| | '_ \/ _` | \ \ \ \
 \\/  ___)| |_)| | | | | || (_| |  ) ) ) )
  '  |____| .__|_| |_|_| |_\__, | / / / /
 =========|_|==============|___/=/_/_/_/
 :: Spring Boot ::                (v2.6.4)

2024-01-04 19:11:17.355  INFO 13197 --- [    Test worker] c.openmarket.OpenMarketApplicationTests  : Starting OpenMarketApplicationTests using Java 11.0.13 on JCui-Macmini.local with PID 13197 (started by jc in /Users/jc/Library/Mobile Documents/com~apple~CloudDocs/programing/open-market)
2024-01-04 19:11:17.356  INFO 13197 --- [    Test worker] c.openmarket.OpenMarketApplicationTests  : No active profile set, falling back to 1 default profile: "default"
2024-01-04 19:11:17.768  INFO 13197 --- [    Test worker] .s.d.r.c.RepositoryConfigurationDelegate : Bootstrapping Spring Data JPA repositories in DEFAULT mode.
2024-01-04 19:11:17.792  INFO 13197 --- [    Test worker] .s.d.r.c.RepositoryConfigurationDelegate : Finished Spring Data repository scanning in 21 ms. Found 2 JPA repository interfaces.
2024-01-04 19:11:18.072  INFO 13197 --- [    Test worker] o.hibernate.jpa.internal.util.LogHelper  : HHH000204: Processing PersistenceUnitInfo [name: default]
2024-01-04 19:11:18.094  INFO 13197 --- [    Test worker] org.hibernate.Version                    : HHH000412: Hibernate ORM core version 5.6.5.Final
2024-01-04 19:11:18.180  INFO 13197 --- [    Test worker] o.hibernate.annotations.common.Version   : HCANN000001: Hibernate Commons Annotations {5.1.2.Final}
2024-01-04 19:11:18.226  INFO 13197 --- [    Test worker] com.zaxxer.hikari.HikariDataSource       : HikariPool-1 - Starting...
2024-01-04 19:11:18.482  INFO 13197 --- [    Test worker] com.zaxxer.hikari.HikariDataSource       : HikariPool-1 - Start completed.
2024-01-04 19:11:18.496  INFO 13197 --- [    Test worker] org.hibernate.dialect.Dialect            : HHH000400: Using dialect: org.hibernate.dialect.MySQL8Dialect
Hibernate: 
    
    drop table if exists hibernate_sequence
Hibernate: 
    
    drop table if exists item
Hibernate: 
    
    drop table if exists member
Hibernate: 
    
    create table hibernate_sequence (
       next_val bigint
    ) engine=InnoDB
Hibernate: 
    
    insert into hibernate_sequence values ( 1 )
Hibernate: 
    
    create table item (
       item_id bigint not null,
        item_detail longtext not null,
        item_nm varchar(50) not null,
        item_sell_status varchar(255),
        price integer not null,
        reg_time datetime(6),
        stock_number integer not null,
        update_time datetime(6),
        primary key (item_id)
    ) engine=InnoDB
Hibernate: 
    
    create table member (
       member_id bigint not null,
        address varchar(255),
        email varchar(255),
        name varchar(255),
        password varchar(255),
        role varchar(255),
        primary key (member_id)
    ) engine=InnoDB
Hibernate: 
    
    alter table member 
       add constraint UK_mbmcqelty0fbrvxp1q58dn57t unique (email)
2024-01-04 19:11:19.042  INFO 13197 --- [    Test worker] o.h.e.t.j.p.i.JtaPlatformInitiator       : HHH000490: Using JtaPlatform implementation: [org.hibernate.engine.transaction.jta.platform.internal.NoJtaPlatform]
2024-01-04 19:11:19.046  INFO 13197 --- [    Test worker] j.LocalContainerEntityManagerFactoryBean : Initialized JPA EntityManagerFactory for persistence unit 'default'
2024-01-04 19:11:19.083  WARN 13197 --- [    Test worker] JpaBaseConfiguration$JpaWebConfiguration : spring.jpa.open-in-view is enabled by default. Therefore, database queries may be performed during view rendering. Explicitly configure spring.jpa.open-in-view to disable this warning
2024-01-04 19:11:19.318  INFO 13197 --- [    Test worker] .s.s.UserDetailsServiceAutoConfiguration : 

Using generated security password: 55d5ac13-008d-4b57-842a-612d2ba3c100

2024-01-04 19:11:19.383  INFO 13197 --- [    Test worker] o.s.s.web.DefaultSecurityFilterChain     : Will not secure any request
2024-01-04 19:11:19.910  INFO 13197 --- [    Test worker] c.openmarket.OpenMarketApplicationTests  : Started OpenMarketApplicationTests in 2.892 seconds (JVM running for 3.441)
]]></system-out>
  <system-err><![CDATA[]]></system-err>
</testsuite>
