<?xml version="1.0" encoding="UTF-8"?>
<testsuite name="com.openmarket.OpenMarketApplicationTests" tests="1" skipped="0" failures="0" errors="0" timestamp="2024-01-09T09:19:17" hostname="JCui-Macmini.local" time="0.062">
  <properties/>
  <testcase name="contextLoads()" classname="com.openmarket.OpenMarketApplicationTests" time="0.062"/>
  <system-out><![CDATA[18:19:14.521 [Test worker] DEBUG org.springframework.test.context.BootstrapUtils - Instantiating CacheAwareContextLoaderDelegate from class [org.springframework.test.context.cache.DefaultCacheAwareContextLoaderDelegate]
18:19:14.526 [Test worker] DEBUG org.springframework.test.context.BootstrapUtils - Instantiating BootstrapContext using constructor [public org.springframework.test.context.support.DefaultBootstrapContext(java.lang.Class,org.springframework.test.context.CacheAwareContextLoaderDelegate)]
18:19:14.545 [Test worker] DEBUG org.springframework.test.context.BootstrapUtils - Instantiating TestContextBootstrapper for test class [com.openmarket.OpenMarketApplicationTests] from class [org.springframework.boot.test.context.SpringBootTestContextBootstrapper]
18:19:14.552 [Test worker] INFO org.springframework.boot.test.context.SpringBootTestContextBootstrapper - Neither @ContextConfiguration nor @ContextHierarchy found for test class [com.openmarket.OpenMarketApplicationTests], using SpringBootContextLoader
18:19:14.554 [Test worker] DEBUG org.springframework.test.context.support.AbstractContextLoader - Did not detect default resource location for test class [com.openmarket.OpenMarketApplicationTests]: class path resource [com/openmarket/OpenMarketApplicationTests-context.xml] does not exist
18:19:14.554 [Test worker] DEBUG org.springframework.test.context.support.AbstractContextLoader - Did not detect default resource location for test class [com.openmarket.OpenMarketApplicationTests]: class path resource [com/openmarket/OpenMarketApplicationTestsContext.groovy] does not exist
18:19:14.554 [Test worker] INFO org.springframework.test.context.support.AbstractContextLoader - Could not detect default resource locations for test class [com.openmarket.OpenMarketApplicationTests]: no resource found for suffixes {-context.xml, Context.groovy}.
18:19:14.555 [Test worker] INFO org.springframework.test.context.support.AnnotationConfigContextLoaderUtils - Could not detect default configuration classes for test class [com.openmarket.OpenMarketApplicationTests]: OpenMarketApplicationTests does not declare any static, non-private, non-final, nested classes annotated with @Configuration.
18:19:14.574 [Test worker] DEBUG org.springframework.test.context.support.ActiveProfilesUtils - Could not find an 'annotation declaring class' for annotation type [org.springframework.test.context.ActiveProfiles] and class [com.openmarket.OpenMarketApplicationTests]
18:19:14.600 [Test worker] DEBUG org.springframework.context.annotation.ClassPathScanningCandidateComponentProvider - Identified candidate component class: file [/Users/jc/Library/Mobile Documents/com~apple~CloudDocs/programing/open-market/build/classes/java/main/com/openmarket/OpenMarketApplication.class]
18:19:14.600 [Test worker] INFO org.springframework.boot.test.context.SpringBootTestContextBootstrapper - Found @SpringBootConfiguration com.openmarket.OpenMarketApplication for test class com.openmarket.OpenMarketApplicationTests
18:19:14.647 [Test worker] DEBUG org.springframework.boot.test.context.SpringBootTestContextBootstrapper - @TestExecutionListeners is not present for class [com.openmarket.OpenMarketApplicationTests]: using defaults.
18:19:14.647 [Test worker] INFO org.springframework.boot.test.context.SpringBootTestContextBootstrapper - Loaded default TestExecutionListener class names from location [META-INF/spring.factories]: [org.springframework.security.test.context.support.WithSecurityContextTestExecutionListener, org.springframework.security.test.context.support.ReactorContextTestExecutionListener, org.springframework.boot.test.autoconfigure.restdocs.RestDocsTestExecutionListener, org.springframework.boot.test.autoconfigure.web.client.MockRestServiceServerResetTestExecutionListener, org.springframework.boot.test.autoconfigure.web.servlet.MockMvcPrintOnlyOnFailureTestExecutionListener, org.springframework.boot.test.autoconfigure.web.servlet.WebDriverTestExecutionListener, org.springframework.boot.test.autoconfigure.webservices.client.MockWebServiceServerTestExecutionListener, org.springframework.boot.test.mock.mockito.MockitoTestExecutionListener, org.springframework.boot.test.mock.mockito.ResetMocksTestExecutionListener, org.springframework.test.context.web.ServletTestExecutionListener, org.springframework.test.context.support.DirtiesContextBeforeModesTestExecutionListener, org.springframework.test.context.event.ApplicationEventsTestExecutionListener, org.springframework.test.context.support.DependencyInjectionTestExecutionListener, org.springframework.test.context.support.DirtiesContextTestExecutionListener, org.springframework.test.context.transaction.TransactionalTestExecutionListener, org.springframework.test.context.jdbc.SqlScriptsTestExecutionListener, org.springframework.test.context.event.EventPublishingTestExecutionListener]
18:19:14.657 [Test worker] INFO org.springframework.boot.test.context.SpringBootTestContextBootstrapper - Using TestExecutionListeners: [org.springframework.test.context.web.ServletTestExecutionListener@733037, org.springframework.test.context.support.DirtiesContextBeforeModesTestExecutionListener@7728643a, org.springframework.test.context.event.ApplicationEventsTestExecutionListener@320e400, org.springframework.boot.test.mock.mockito.MockitoTestExecutionListener@5167268, org.springframework.boot.test.autoconfigure.SpringBootDependencyInjectionTestExecutionListener@1cfd1875, org.springframework.test.context.support.DirtiesContextTestExecutionListener@28c0b664, org.springframework.test.context.transaction.TransactionalTestExecutionListener@2c444798, org.springframework.test.context.jdbc.SqlScriptsTestExecutionListener@1af7f54a, org.springframework.security.test.context.support.WithSecurityContextTestExecutionListener@6ebd78d1, org.springframework.test.context.event.EventPublishingTestExecutionListener@436390f4, org.springframework.security.test.context.support.ReactorContextTestExecutionListener@4d157787, org.springframework.boot.test.autoconfigure.restdocs.RestDocsTestExecutionListener@68ed96ca, org.springframework.boot.test.autoconfigure.web.client.MockRestServiceServerResetTestExecutionListener@6d1310f6, org.springframework.boot.test.autoconfigure.web.servlet.MockMvcPrintOnlyOnFailureTestExecutionListener@3228d990, org.springframework.boot.test.autoconfigure.web.servlet.WebDriverTestExecutionListener@54e7391d, org.springframework.boot.test.autoconfigure.webservices.client.MockWebServiceServerTestExecutionListener@50b8ae8d, org.springframework.boot.test.mock.mockito.ResetMocksTestExecutionListener@255990cc]
18:19:14.658 [Test worker] DEBUG org.springframework.test.context.support.AbstractDirtiesContextTestExecutionListener - Before test class: context [DefaultTestContext@ea27e34 testClass = OpenMarketApplicationTests, testInstance = [null], testMethod = [null], testException = [null], mergedContextConfiguration = [WebMergedContextConfiguration@33a2499c testClass = OpenMarketApplicationTests, locations = '{}', classes = '{class com.openmarket.OpenMarketApplication}', contextInitializerClasses = '[]', activeProfiles = '{}', propertySourceLocations = '{}', propertySourceProperties = '{org.springframework.boot.test.context.SpringBootTestContextBootstrapper=true}', contextCustomizers = set[org.springframework.boot.test.autoconfigure.actuate.metrics.MetricsExportContextCustomizerFactory$DisableMetricExportContextCustomizer@2262b621, org.springframework.boot.test.autoconfigure.properties.PropertyMappingContextCustomizer@0, org.springframework.boot.test.autoconfigure.web.servlet.WebDriverContextCustomizerFactory$Customizer@505a9d7c, org.springframework.boot.test.context.filter.ExcludeFilterContextCustomizer@5af3a0f, org.springframework.boot.test.json.DuplicateJsonObjectContextCustomizerFactory$DuplicateJsonObjectContextCustomizer@72cf2de5, org.springframework.boot.test.mock.mockito.MockitoContextCustomizer@0, org.springframework.boot.test.web.client.TestRestTemplateContextCustomizer@7b324585, org.springframework.boot.test.context.SpringBootTestArgs@1, org.springframework.boot.test.context.SpringBootTestWebEnvironment@2eea88a1], resourceBasePath = 'src/main/webapp', contextLoader = 'org.springframework.boot.test.context.SpringBootContextLoader', parent = [null]], attributes = map['org.springframework.test.context.web.ServletTestExecutionListener.activateListener' -> true]], class annotated with @DirtiesContext [false] with mode [null].

  .   ____          _            __ _ _
 /\\ / ___'_ __ _ _(_)_ __  __ _ \ \ \ \
( ( )\___ | '_ | '_| | '_ \/ _` | \ \ \ \
 \\/  ___)| |_)| | | | | || (_| |  ) ) ) )
  '  |____| .__|_| |_|_| |_\__, | / / / /
 =========|_|==============|___/=/_/_/_/
 :: Spring Boot ::                (v2.7.1)

2024-01-09 18:19:15.012  INFO 10518 --- [    Test worker] c.openmarket.OpenMarketApplicationTests  : Starting OpenMarketApplicationTests using Java 11.0.13 on JCui-Macmini.local with PID 10518 (started by jc in /Users/jc/Library/Mobile Documents/com~apple~CloudDocs/programing/open-market)
2024-01-09 18:19:15.013  INFO 10518 --- [    Test worker] c.openmarket.OpenMarketApplicationTests  : No active profile set, falling back to 1 default profile: "default"
2024-01-09 18:19:15.560  INFO 10518 --- [    Test worker] .s.d.r.c.RepositoryConfigurationDelegate : Bootstrapping Spring Data JPA repositories in DEFAULT mode.
2024-01-09 18:19:15.594  INFO 10518 --- [    Test worker] .s.d.r.c.RepositoryConfigurationDelegate : Finished Spring Data repository scanning in 28 ms. Found 2 JPA repository interfaces.
2024-01-09 18:19:15.916  INFO 10518 --- [    Test worker] o.hibernate.jpa.internal.util.LogHelper  : HHH000204: Processing PersistenceUnitInfo [name: default]
2024-01-09 18:19:15.941  INFO 10518 --- [    Test worker] org.hibernate.Version                    : HHH000412: Hibernate ORM core version 5.6.9.Final
2024-01-09 18:19:16.038  INFO 10518 --- [    Test worker] o.hibernate.annotations.common.Version   : HCANN000001: Hibernate Commons Annotations {5.1.2.Final}
2024-01-09 18:19:16.083  INFO 10518 --- [    Test worker] com.zaxxer.hikari.HikariDataSource       : HikariPool-1 - Starting...
2024-01-09 18:19:16.327  INFO 10518 --- [    Test worker] com.zaxxer.hikari.HikariDataSource       : HikariPool-1 - Start completed.
2024-01-09 18:19:16.344  INFO 10518 --- [    Test worker] org.hibernate.dialect.Dialect            : HHH000400: Using dialect: org.hibernate.dialect.MySQL8Dialect
Hibernate: 
    
    drop table if exists hibernate_sequence
Hibernate: 
    
    drop table if exists item
Hibernate: 
    
    drop table if exists member
Hibernate: 
    
    create table hibernate_sequence (
       next_val bigint
    ) engine=InnoDB
Hibernate: 
    
    insert into hibernate_sequence values ( 1 )
Hibernate: 
    
    create table item (
       item_id bigint not null,
        item_detail longtext not null,
        item_nm varchar(50) not null,
        item_sell_status varchar(255),
        price integer not null,
        reg_time datetime(6),
        stock_number integer not null,
        update_time datetime(6),
        primary key (item_id)
    ) engine=InnoDB
Hibernate: 
    
    create table member (
       member_id bigint not null,
        address varchar(255),
        email varchar(255),
        name varchar(255),
        password varchar(255),
        role varchar(255),
        primary key (member_id)
    ) engine=InnoDB
Hibernate: 
    
    alter table member 
       add constraint UK_mbmcqelty0fbrvxp1q58dn57t unique (email)
2024-01-09 18:19:16.931  INFO 10518 --- [    Test worker] o.h.e.t.j.p.i.JtaPlatformInitiator       : HHH000490: Using JtaPlatform implementation: [org.hibernate.engine.transaction.jta.platform.internal.NoJtaPlatform]
2024-01-09 18:19:16.935  INFO 10518 --- [    Test worker] j.LocalContainerEntityManagerFactoryBean : Initialized JPA EntityManagerFactory for persistence unit 'default'
2024-01-09 18:19:16.969  WARN 10518 --- [    Test worker] JpaBaseConfiguration$JpaWebConfiguration : spring.jpa.open-in-view is enabled by default. Therefore, database queries may be performed during view rendering. Explicitly configure spring.jpa.open-in-view to disable this warning
2024-01-09 18:19:17.271  INFO 10518 --- [    Test worker] o.s.s.web.DefaultSecurityFilterChain     : Will secure any request with [org.springframework.security.web.session.DisableEncodeUrlFilter@49c555c3, org.springframework.security.web.context.request.async.WebAsyncManagerIntegrationFilter@542aec6, org.springframework.security.web.context.SecurityContextPersistenceFilter@5f1a3c4, org.springframework.security.web.header.HeaderWriterFilter@47cf922d, org.springframework.security.web.csrf.CsrfFilter@35217e0, org.springframework.security.web.authentication.logout.LogoutFilter@eda7dd3, org.springframework.security.web.authentication.UsernamePasswordAuthenticationFilter@4dc16fc9, org.springframework.security.web.savedrequest.RequestCacheAwareFilter@5b3c2a9f, org.springframework.security.web.servletapi.SecurityContextHolderAwareRequestFilter@677274e7, org.springframework.security.web.authentication.AnonymousAuthenticationFilter@724e0a77, org.springframework.security.web.session.SessionManagementFilter@1a99744a, org.springframework.security.web.access.ExceptionTranslationFilter@6bfc5296]
2024-01-09 18:19:17.834  INFO 10518 --- [    Test worker] c.openmarket.OpenMarketApplicationTests  : Started OpenMarketApplicationTests in 3.154 seconds (JVM running for 3.815)
]]></system-out>
  <system-err><![CDATA[]]></system-err>
</testsuite>
