<?xml version="1.0" encoding="UTF-8"?>
<testsuite name="com.openmarket.repository.ItemRepositoryTest" tests="2" skipped="0" failures="0" errors="0" timestamp="2024-01-04T10:11:20" hostname="JCui-Macmini.local" time="0.152">
  <properties/>
  <testcase name="findByItemNeTest()" classname="com.openmarket.repository.ItemRepositoryTest" time="0.148"/>
  <testcase name="createdItemList()" classname="com.openmarket.repository.ItemRepositoryTest" time="0.003"/>
  <system-out><![CDATA[2024-01-04 19:11:19.975  INFO 13197 --- [    Test worker] .b.t.c.SpringBootTestContextBootstrapper : Neither @ContextConfiguration nor @ContextHierarchy found for test class [com.openmarket.repository.ItemRepositoryTest], using SpringBootContextLoader
2024-01-04 19:11:19.976  INFO 13197 --- [    Test worker] o.s.t.c.support.AbstractContextLoader    : Could not detect default resource locations for test class [com.openmarket.repository.ItemRepositoryTest]: no resource found for suffixes {-context.xml, Context.groovy}.
2024-01-04 19:11:19.976  INFO 13197 --- [    Test worker] t.c.s.AnnotationConfigContextLoaderUtils : Could not detect default configuration classes for test class [com.openmarket.repository.ItemRepositoryTest]: ItemRepositoryTest does not declare any static, non-private, non-final, nested classes annotated with @Configuration.
2024-01-04 19:11:19.978  INFO 13197 --- [    Test worker] .b.t.c.SpringBootTestContextBootstrapper : Found @SpringBootConfiguration com.openmarket.OpenMarketApplication for test class com.openmarket.repository.ItemRepositoryTest
2024-01-04 19:11:19.979  INFO 13197 --- [    Test worker] .b.t.c.SpringBootTestContextBootstrapper : Loaded default TestExecutionListener class names from location [META-INF/spring.factories]: [org.springframework.boot.test.autoconfigure.restdocs.RestDocsTestExecutionListener, org.springframework.boot.test.autoconfigure.web.client.MockRestServiceServerResetTestExecutionListener, org.springframework.boot.test.autoconfigure.web.servlet.MockMvcPrintOnlyOnFailureTestExecutionListener, org.springframework.boot.test.autoconfigure.web.servlet.WebDriverTestExecutionListener, org.springframework.boot.test.autoconfigure.webservices.client.MockWebServiceServerTestExecutionListener, org.springframework.boot.test.mock.mockito.MockitoTestExecutionListener, org.springframework.boot.test.mock.mockito.ResetMocksTestExecutionListener, org.springframework.test.context.web.ServletTestExecutionListener, org.springframework.test.context.support.DirtiesContextBeforeModesTestExecutionListener, org.springframework.test.context.event.ApplicationEventsTestExecutionListener, org.springframework.test.context.support.DependencyInjectionTestExecutionListener, org.springframework.test.context.support.DirtiesContextTestExecutionListener, org.springframework.test.context.transaction.TransactionalTestExecutionListener, org.springframework.test.context.jdbc.SqlScriptsTestExecutionListener, org.springframework.test.context.event.EventPublishingTestExecutionListener]
2024-01-04 19:11:19.979  INFO 13197 --- [    Test worker] .b.t.c.SpringBootTestContextBootstrapper : Using TestExecutionListeners: [org.springframework.test.context.web.ServletTestExecutionListener@598f6c93, org.springframework.test.context.support.DirtiesContextBeforeModesTestExecutionListener@65630116, org.springframework.test.context.event.ApplicationEventsTestExecutionListener@623dc0b8, org.springframework.boot.test.mock.mockito.MockitoTestExecutionListener@fee1e32, org.springframework.boot.test.autoconfigure.SpringBootDependencyInjectionTestExecutionListener@2d2710a8, org.springframework.test.context.support.DirtiesContextTestExecutionListener@50b1dfab, org.springframework.test.context.transaction.TransactionalTestExecutionListener@5c85ed05, org.springframework.test.context.jdbc.SqlScriptsTestExecutionListener@23657729, org.springframework.test.context.event.EventPublishingTestExecutionListener@365291bd, org.springframework.boot.test.autoconfigure.restdocs.RestDocsTestExecutionListener@68c05c5b, org.springframework.boot.test.autoconfigure.web.client.MockRestServiceServerResetTestExecutionListener@1b5e6983, org.springframework.boot.test.autoconfigure.web.servlet.MockMvcPrintOnlyOnFailureTestExecutionListener@130a99fe, org.springframework.boot.test.autoconfigure.web.servlet.WebDriverTestExecutionListener@31773d5b, org.springframework.boot.test.autoconfigure.webservices.client.MockWebServiceServerTestExecutionListener@5bbf8daa, org.springframework.boot.test.mock.mockito.ResetMocksTestExecutionListener@33c5e52f]

  .   ____          _            __ _ _
 /\\ / ___'_ __ _ _(_)_ __  __ _ \ \ \ \
( ( )\___ | '_ | '_| | '_ \/ _` | \ \ \ \
 \\/  ___)| |_)| | | | | || (_| |  ) ) ) )
  '  |____| .__|_| |_|_| |_\__, | / / / /
 =========|_|==============|___/=/_/_/_/
 :: Spring Boot ::                (v2.6.4)

2024-01-04 19:11:19.991  INFO 13197 --- [    Test worker] c.o.repository.ItemRepositoryTest        : Starting ItemRepositoryTest using Java 11.0.13 on JCui-Macmini.local with PID 13197 (started by jc in /Users/jc/Library/Mobile Documents/com~apple~CloudDocs/programing/open-market)
2024-01-04 19:11:19.991  INFO 13197 --- [    Test worker] c.o.repository.ItemRepositoryTest        : No active profile set, falling back to 1 default profile: "default"
2024-01-04 19:11:20.049  INFO 13197 --- [    Test worker] .s.d.r.c.RepositoryConfigurationDelegate : Bootstrapping Spring Data JPA repositories in DEFAULT mode.
2024-01-04 19:11:20.053  INFO 13197 --- [    Test worker] .s.d.r.c.RepositoryConfigurationDelegate : Finished Spring Data repository scanning in 4 ms. Found 2 JPA repository interfaces.
2024-01-04 19:11:20.112  INFO 13197 --- [    Test worker] o.hibernate.jpa.internal.util.LogHelper  : HHH000204: Processing PersistenceUnitInfo [name: default]
2024-01-04 19:11:20.114  INFO 13197 --- [    Test worker] com.zaxxer.hikari.HikariDataSource       : HikariPool-2 - Starting...
2024-01-04 19:11:20.194  INFO 13197 --- [    Test worker] com.zaxxer.hikari.HikariDataSource       : HikariPool-2 - Start completed.
2024-01-04 19:11:20.197  INFO 13197 --- [    Test worker] org.hibernate.dialect.Dialect            : HHH000400: Using dialect: org.hibernate.dialect.H2Dialect
Hibernate: 
    
    drop table if exists item CASCADE 
Hibernate: 
    
    drop table if exists member CASCADE 
Hibernate: 
    
    drop sequence if exists hibernate_sequence
Hibernate: create sequence hibernate_sequence start with 1 increment by 1
Hibernate: 
    
    create table item (
       item_id bigint not null,
        item_detail clob not null,
        item_nm varchar(50) not null,
        item_sell_status varchar(255),
        price integer not null,
        reg_time timestamp,
        stock_number integer not null,
        update_time timestamp,
        primary key (item_id)
    )
Hibernate: 
    
    create table member (
       member_id bigint not null,
        address varchar(255),
        email varchar(255),
        name varchar(255),
        password varchar(255),
        role varchar(255),
        primary key (member_id)
    )
Hibernate: 
    
    alter table member 
       add constraint UK_mbmcqelty0fbrvxp1q58dn57t unique (email)
2024-01-04 19:11:20.234  INFO 13197 --- [    Test worker] o.h.e.t.j.p.i.JtaPlatformInitiator       : HHH000490: Using JtaPlatform implementation: [org.hibernate.engine.transaction.jta.platform.internal.NoJtaPlatform]
2024-01-04 19:11:20.235  INFO 13197 --- [    Test worker] j.LocalContainerEntityManagerFactoryBean : Initialized JPA EntityManagerFactory for persistence unit 'default'
2024-01-04 19:11:20.250  WARN 13197 --- [    Test worker] JpaBaseConfiguration$JpaWebConfiguration : spring.jpa.open-in-view is enabled by default. Therefore, database queries may be performed during view rendering. Explicitly configure spring.jpa.open-in-view to disable this warning
2024-01-04 19:11:20.289  INFO 13197 --- [    Test worker] .s.s.UserDetailsServiceAutoConfiguration : 

Using generated security password: bda74c72-82af-410e-a4ff-45d2a6bdee7a

2024-01-04 19:11:20.314  INFO 13197 --- [    Test worker] o.s.s.web.DefaultSecurityFilterChain     : Will not secure any request
2024-01-04 19:11:20.517  INFO 13197 --- [    Test worker] c.o.repository.ItemRepositoryTest        : Started ItemRepositoryTest in 0.536 seconds (JVM running for 4.047)
Hibernate: 
    call next value for hibernate_sequence
Hibernate: 
    insert 
    into
        item
        (item_detail, item_nm, item_sell_status, price, reg_time, stock_number, update_time, item_id) 
    values
        (?, ?, ?, ?, ?, ?, ?, ?)
2024-01-04 19:11:20.544 TRACE 13197 --- [    Test worker] o.h.type.descriptor.sql.BasicBinder      : binding parameter [1] as [CLOB] - [테스트 상품 상세 설명]
2024-01-04 19:11:20.546 TRACE 13197 --- [    Test worker] o.h.type.descriptor.sql.BasicBinder      : binding parameter [2] as [VARCHAR] - [테스트 상품]
2024-01-04 19:11:20.546 TRACE 13197 --- [    Test worker] o.h.type.descriptor.sql.BasicBinder      : binding parameter [3] as [VARCHAR] - [SELL]
2024-01-04 19:11:20.547 TRACE 13197 --- [    Test worker] o.h.type.descriptor.sql.BasicBinder      : binding parameter [4] as [INTEGER] - [10000]
2024-01-04 19:11:20.547 TRACE 13197 --- [    Test worker] o.h.type.descriptor.sql.BasicBinder      : binding parameter [5] as [TIMESTAMP] - [2024-01-04T19:11:20.519489]
2024-01-04 19:11:20.549 TRACE 13197 --- [    Test worker] o.h.type.descriptor.sql.BasicBinder      : binding parameter [6] as [INTEGER] - [100]
2024-01-04 19:11:20.550 TRACE 13197 --- [    Test worker] o.h.type.descriptor.sql.BasicBinder      : binding parameter [7] as [TIMESTAMP] - [2024-01-04T19:11:20.519509]
2024-01-04 19:11:20.550 TRACE 13197 --- [    Test worker] o.h.type.descriptor.sql.BasicBinder      : binding parameter [8] as [BIGINT] - [1]
Hibernate: 
    select
        item0_.item_id as item_id1_0_,
        item0_.item_detail as item_det2_0_,
        item0_.item_nm as item_nm3_0_,
        item0_.item_sell_status as item_sel4_0_,
        item0_.price as price5_0_,
        item0_.reg_time as reg_time6_0_,
        item0_.stock_number as stock_nu7_0_,
        item0_.update_time as update_t8_0_ 
    from
        item item0_ 
    where
        item0_.item_nm=?
2024-01-04 19:11:20.652 TRACE 13197 --- [    Test worker] o.h.type.descriptor.sql.BasicBinder      : binding parameter [1] as [VARCHAR] - [테스트 상품]
2024-01-04 19:11:20.652 TRACE 13197 --- [    Test worker] o.h.type.descriptor.sql.BasicExtractor   : extracted value ([item_id1_0_] : [BIGINT]) - [1]
2024-01-04 19:11:20.654 TRACE 13197 --- [    Test worker] o.h.type.descriptor.sql.BasicExtractor   : extracted value ([item_det2_0_] : [CLOB]) - [테스트 상품 상세 설명]
2024-01-04 19:11:20.655 TRACE 13197 --- [    Test worker] o.h.type.descriptor.sql.BasicExtractor   : extracted value ([item_nm3_0_] : [VARCHAR]) - [테스트 상품]
2024-01-04 19:11:20.655 TRACE 13197 --- [    Test worker] o.h.type.descriptor.sql.BasicExtractor   : extracted value ([item_sel4_0_] : [VARCHAR]) - [SELL]
2024-01-04 19:11:20.655 TRACE 13197 --- [    Test worker] o.h.type.descriptor.sql.BasicExtractor   : extracted value ([price5_0_] : [INTEGER]) - [10000]
2024-01-04 19:11:20.655 TRACE 13197 --- [    Test worker] o.h.type.descriptor.sql.BasicExtractor   : extracted value ([reg_time6_0_] : [TIMESTAMP]) - [2024-01-04T19:11:20.519489]
2024-01-04 19:11:20.656 TRACE 13197 --- [    Test worker] o.h.type.descriptor.sql.BasicExtractor   : extracted value ([stock_nu7_0_] : [INTEGER]) - [100]
2024-01-04 19:11:20.656 TRACE 13197 --- [    Test worker] o.h.type.descriptor.sql.BasicExtractor   : extracted value ([update_t8_0_] : [TIMESTAMP]) - [2024-01-04T19:11:20.519509]
Item(id=1, itemNm=테스트 상품, price=10000, stockNumber=100, itemDetail=테스트 상품 상세 설명, itemSellStatus=SELL, regTime=2024-01-04T19:11:20.519489, updateTime=2024-01-04T19:11:20.519509)
Hibernate: 
    call next value for hibernate_sequence
Hibernate: 
    insert 
    into
        item
        (item_detail, item_nm, item_sell_status, price, reg_time, stock_number, update_time, item_id) 
    values
        (?, ?, ?, ?, ?, ?, ?, ?)
2024-01-04 19:11:20.668 TRACE 13197 --- [    Test worker] o.h.type.descriptor.sql.BasicBinder      : binding parameter [1] as [CLOB] - [테스트 상품 상세 설명]
2024-01-04 19:11:20.668 TRACE 13197 --- [    Test worker] o.h.type.descriptor.sql.BasicBinder      : binding parameter [2] as [VARCHAR] - [테스트 상품]
2024-01-04 19:11:20.668 TRACE 13197 --- [    Test worker] o.h.type.descriptor.sql.BasicBinder      : binding parameter [3] as [VARCHAR] - [SELL]
2024-01-04 19:11:20.669 TRACE 13197 --- [    Test worker] o.h.type.descriptor.sql.BasicBinder      : binding parameter [4] as [INTEGER] - [10000]
2024-01-04 19:11:20.669 TRACE 13197 --- [    Test worker] o.h.type.descriptor.sql.BasicBinder      : binding parameter [5] as [TIMESTAMP] - [2024-01-04T19:11:20.667978]
2024-01-04 19:11:20.669 TRACE 13197 --- [    Test worker] o.h.type.descriptor.sql.BasicBinder      : binding parameter [6] as [INTEGER] - [100]
2024-01-04 19:11:20.669 TRACE 13197 --- [    Test worker] o.h.type.descriptor.sql.BasicBinder      : binding parameter [7] as [TIMESTAMP] - [2024-01-04T19:11:20.667989]
2024-01-04 19:11:20.669 TRACE 13197 --- [    Test worker] o.h.type.descriptor.sql.BasicBinder      : binding parameter [8] as [BIGINT] - [2]
]]></system-out>
  <system-err><![CDATA[]]></system-err>
</testsuite>
